{"logTime": "0915/175536", "correlationVector":"pVdoLOrn/jfGMYCNR1vqf6.1","action":"SyncServerConnectionManagerRequest", "result":"SYNC_SERVER_OK", "context":{"environment":"Prod_francecentral_prod-s01-062-eur-francecentral", "migrationStage":"NotStarted", "server":"akswtt103000008"}}
{"logTime": "0915/175536", "correlationVector":"pVdoLOrn/jfGMYCNR1vqf6.2","action":"ProcessGetUpdates", "result":"Done", "context":{"dataType":"Encryption Keys", "deleted":"0", "process_failed_to_decrypt":"0", "process_pending_decryption":"0", "process_success":"1", "total":"1"}}
{"logTime": "0915/175538", "correlationVector":"pb7tZv34t5MqYSVUL7eQo9","action":"SyncServerConnectionManagerRequest", "result":"SYNC_SERVER_OK", "context":{"environment":"", "migrationStage":"", "server":""}}
{"logTime": "0915/175538", "correlationVector":"pb7tZv34t5MqYSVUL7eQo9.0","action":"EncryptionKeysFetcher.DownloadKeys:", "result":"Success", "context":Key count: 5, Last key timestamp: 2025-09-09T21:51:44Z}
{"logTime": "0915/175538", "correlationVector":"pb7tZv34t5MqYSVUL7eQo9.1","action":"EncryptionKeysManager::SetEncryptionKeys:", "result":"Success", "context":Key names[5]:[9Qwd8y0yx9Fv3KIWnTfd8AMdYqYNqN68mtwuRwMfLC4BU99mHJGLE8u0/ksoW+pFnMtboZ3ECL7TzBBAviRk5w==][ONwa3GSrq5BCDUK1IREil0Qj/eipBq7iibDzdnOWRQY/FtJziD8tJTtPlMpurE2LwBF7nACf7UfWZkOE4z24Kw==][4hklZZqkMDW/jMVpbmAXPN4P6VNVn7Z0kJ1iqu8CEhx0ZsXLO4q9Ce0p8TGCsctsOMl3OA9HuizFDbwJJrIBLw==][KlIHK8b5TMu4azjN0ZiLRi8LsNRd8NiqIdM6G4e3QF1Sa28+Ap7+pnxCqeh6S28qKgSRaFmntS3VgdkmICJmPg==][Rciu8vIIK/R9DSKcjnxyVTg4+S35yB43zypU2dcT4TPkU68dUMIz1r7x7jjAnNLltupIygAeS3fOH8xvfaZ7eQ==]}
{"logTime": "0915/175538", "correlationVector":"pb7tZv34t5MqYSVUL7eQo9.2","action":"EncryptionKeysManager::SetEncryptionKeysWithTimestamps:", "result":"Success", "context":Key timestamps[5]:[2023-03-11T08:14:54Z][2023-10-10T08:40:38Z][2024-09-08T10:33:15Z][2025-03-10T10:34:21Z][2025-09-09T21:51:44Z]}
{"logTime": "0915/175538", "correlationVector":"pVdoLOrn/jfGMYCNR1vqf6","action":"Initial GetUpdates", "result":"", "context":Reason: NEW_CLIENT. cV=pVdoLOrn/jfGMYCNR1vqf6}
{"logTime": "0915/175538", "correlationVector":"pVdoLOrn/jfGMYCNR1vqf6.3","action":"GetUpdates Response", "result":"Success", "context":Received 1 update(s). cV=pVdoLOrn/jfGMYCNR1vqf6.0;server=akswtt103000008;cloudType=Consumer;environment=Prod_francecentral_prod-s01-062-eur-francecentral;migrationStage=NotStarted}
{"logTime": "0915/175538", "correlationVector":"WhQpeW2Pl3dzBOkzUTlPc1","action":"Initial GetUpdates", "result":"", "context":Reason: NEWLY_SUPPORTED_DATATYPE. cV=WhQpeW2Pl3dzBOkzUTlPc1}
{"logTime": "0915/175540", "correlationVector":"WhQpeW2Pl3dzBOkzUTlPc1.1","action":"SyncServerConnectionManagerRequest", "result":"SYNC_SERVER_OK", "context":{"environment":"Prod_francecentral_prod-s01-062-eur-francecentral", "migrationStage":"NotStarted", "server":"akswtt10300000y"}}
{"logTime": "0915/175540", "correlationVector":"WhQpeW2Pl3dzBOkzUTlPc1.2","action":"ProcessGetUpdates", "result":"Done", "context":{"dataType":"Preferences", "deleted":"1", "process_failed_to_decrypt":"0", "process_pending_decryption":"0", "process_success":"75", "total":"75"}}
{"logTime": "0915/175540", "correlationVector":"WhQpeW2Pl3dzBOkzUTlPc1.3","action":"ProcessGetUpdates", "result":"Done", "context":{"dataType":"Passwords", "deleted":"0", "process_failed_to_decrypt":"0", "process_pending_decryption":"0", "process_success":"2", "total":"2"}}
{"logTime": "0915/175540", "correlationVector":"WhQpeW2Pl3dzBOkzUTlPc1.4","action":"ProcessGetUpdates", "result":"Done", "context":{"dataType":"Device Info", "deleted":"0", "process_failed_to_decrypt":"0", "process_pending_decryption":"0", "process_success":"3", "total":"3"}}
{"logTime": "0915/175540", "correlationVector":"WhQpeW2Pl3dzBOkzUTlPc1.5","action":"GetUpdates Response", "result":"Success", "context":Received 80 update(s). cV=WhQpeW2Pl3dzBOkzUTlPc1.0;server=akswtt10300000y;cloudType=Consumer;environment=Prod_francecentral_prod-s01-062-eur-francecentral;migrationStage=NotStarted}
{"logTime": "0915/175540", "correlationVector":"gViLJtg0s3t8gewM3SxtQG","action":"Initial GetUpdates", "result":"", "context":Reason: NEWLY_SUPPORTED_DATATYPE. cV=gViLJtg0s3t8gewM3SxtQG}
{"logTime": "0915/175540", "correlationVector":"gViLJtg0s3t8gewM3SxtQG.1","action":"SyncServerConnectionManagerRequest", "result":"SYNC_SERVER_OK", "context":{"environment":"Prod_francecentral_prod-s01-062-eur-francecentral", "migrationStage":"NotStarted", "server":"akswtt10300000y"}}
{"logTime": "0915/175540", "correlationVector":"gViLJtg0s3t8gewM3SxtQG.2","action":"ProcessGetUpdates", "result":"Done", "context":{"dataType":"Bookmarks", "deleted":"0", "process_failed_to_decrypt":"0", "process_pending_decryption":"0", "process_success":"6", "total":"6"}}
{"logTime": "0915/175540", "correlationVector":"gViLJtg0s3t8gewM3SxtQG.3","action":"GetUpdates Response", "result":"Success", "context":Received 6 update(s). cV=gViLJtg0s3t8gewM3SxtQG.0;server=akswtt10300000y;cloudType=Consumer;environment=Prod_francecentral_prod-s01-062-eur-francecentral;migrationStage=NotStarted}
{"logTime": "0915/175540", "correlationVector":"j3T9NI6JzV5Y0hyf7aI1D/","action":"Initial GetUpdates", "result":"", "context":Reason: NEWLY_SUPPORTED_DATATYPE. cV=j3T9NI6JzV5Y0hyf7aI1D/}
{"logTime": "0915/175541", "correlationVector":"j3T9NI6JzV5Y0hyf7aI1D/.1","action":"SyncServerConnectionManagerRequest", "result":"SYNC_SERVER_OK", "context":{"environment":"Prod_francecentral_prod-s01-062-eur-francecentral", "migrationStage":"NotStarted", "server":"akswtt103000007"}}
{"logTime": "0915/175541", "correlationVector":"j3T9NI6JzV5Y0hyf7aI1D/.2","action":"ProcessGetUpdates", "result":"Done", "context":{"dataType":"Autofill Profiles", "deleted":"0", "process_failed_to_decrypt":"0", "process_pending_decryption":"0", "process_success":"3", "total":"3"}}
{"logTime": "0915/175541", "correlationVector":"j3T9NI6JzV5Y0hyf7aI1D/.3","action":"ProcessGetUpdates", "result":"Done", "context":{"dataType":"Autofill", "deleted":"0", "process_failed_to_decrypt":"0", "process_pending_decryption":"0", "process_success":"6", "total":"6"}}
{"logTime": "0915/175541", "correlationVector":"j3T9NI6JzV5Y0hyf7aI1D/.4","action":"ProcessGetUpdates", "result":"Done", "context":{"dataType":"Extensions", "deleted":"0", "process_failed_to_decrypt":"0", "process_pending_decryption":"0", "process_success":"2", "total":"2"}}
{"logTime": "0915/175541", "correlationVector":"j3T9NI6JzV5Y0hyf7aI1D/.5","action":"ProcessGetUpdates", "result":"Done", "context":{"dataType":"Sessions", "deleted":"17", "process_failed_to_decrypt":"0", "process_pending_decryption":"0", "process_success":"18", "total":"18"}}
{"logTime": "0915/175541", "correlationVector":"j3T9NI6JzV5Y0hyf7aI1D/.6","action":"ProcessGetUpdates", "result":"Done", "context":{"dataType":"Edge Hub App Usage", "deleted":"8", "process_failed_to_decrypt":"0", "process_pending_decryption":"0", "process_success":"19", "total":"19"}}
{"logTime": "0915/175541", "correlationVector":"j3T9NI6JzV5Y0hyf7aI1D/.7","action":"GetUpdates Response", "result":"Success", "context":Received 48 update(s). cV=j3T9NI6JzV5Y0hyf7aI1D/.0;server=akswtt103000007;cloudType=Consumer;environment=Prod_francecentral_prod-s01-062-eur-francecentral;migrationStage=NotStarted}
{"logTime": "0915/175541", "correlationVector":"Y5dvdtnXMtlBl1h4hW0gW0","action":"Initial GetUpdates", "result":"", "context":Reason: NEWLY_SUPPORTED_DATATYPE. cV=Y5dvdtnXMtlBl1h4hW0gW0}
{"logTime": "0915/175541", "correlationVector":"Y5dvdtnXMtlBl1h4hW0gW0.1","action":"SyncServerConnectionManagerRequest", "result":"SYNC_SERVER_OK", "context":{"environment":"Prod_francecentral_prod-s01-062-eur-francecentral", "migrationStage":"NotStarted", "server":"akswtt10300000q"}}
{"logTime": "0915/175541", "correlationVector":"Y5dvdtnXMtlBl1h4hW0gW0.2","action":"ProcessGetUpdates", "result":"Done", "context":{"dataType":"History", "deleted":"0", "process_failed_to_decrypt":"0", "process_pending_decryption":"0", "process_success":"43", "total":"43"}}
{"logTime": "0915/175541", "correlationVector":"Y5dvdtnXMtlBl1h4hW0gW0.3","action":"GetUpdates Response", "result":"Success", "context":Received 43 update(s). cV=Y5dvdtnXMtlBl1h4hW0gW0.0;server=akswtt10300000q;cloudType=Consumer;environment=Prod_francecentral_prod-s01-062-eur-francecentral;migrationStage=NotStarted}
{"logTime": "0915/175541", "correlationVector":"EHSmBb/40WbsnfBPIa8vpS","action":"Normal GetUpdate request", "result":"", "context":cV=EHSmBb/40WbsnfBPIa8vpS
Nudged types: Sessions, Device Info, User Consents
Refresh requested types: Bookmarks, Preferences, Passwords, Autofill Profiles, Autofill, Extensions, Sessions, Extension settings, History Delete Directives, Device Info, User Consents, Send Tab To Self, Web Apps, History, Saved Tab Group, WebAuthn Credentials, Collection, Edge E Drop, Edge Hub App Usage, Edge Wallet, Encryption Keys}
{"logTime": "0915/175542", "correlationVector":"EHSmBb/40WbsnfBPIa8vpS.1","action":"SyncServerConnectionManagerRequest", "result":"SYNC_SERVER_OK", "context":{"environment":"Prod_francecentral_prod-s01-062-eur-francecentral", "migrationStage":"NotStarted", "server":"akswtt10300000q"}}
{"logTime": "0915/175542", "correlationVector":"EHSmBb/40WbsnfBPIa8vpS.2","action":"GetUpdates Response", "result":"Success", "context":Received 0 update(s). cV=EHSmBb/40WbsnfBPIa8vpS.0;server=akswtt10300000q;cloudType=Consumer;environment=Prod_francecentral_prod-s01-062-eur-francecentral;migrationStage=NotStarted}
{"logTime": "0915/175542", "correlationVector":"6/sxzRkxG86doIqUo8uiYD","action":"DoCompareDataConsistency requsted types: ", "result":"Bookmarks, Preferences, Passwords, Extensions, Extension settings, History Delete Directives, Send Tab To Self, Web Apps, History, Saved Tab Group, WebAuthn Credentials, Collection, Edge E Drop, Edge Wallet, Encryption Keys"}
{"logTime": "0915/175542", "correlationVector":"6/sxzRkxG86doIqUo8uiYD.0","action":"CompareDataConsistency result: ", "result":"Compare result: Encryption Keys is consistent. local entities count is: 1 local entities hash is: nvG+uOu3OmPD4afvxabrrNDe03U="}
{"logTime": "0915/175542", "correlationVector":"6/sxzRkxG86doIqUo8uiYD.1","action":"CompareDataConsistency result: ", "result":"Compare result: Bookmarks is consistent. local entities count is: 0 local entities hash is: "}
{"logTime": "0915/175542", "correlationVector":"6/sxzRkxG86doIqUo8uiYD.2","action":"CompareDataConsistency result: ", "result":"Compare result: Preferences is consistent. local entities count is: 74 local entities hash is: MAo2oLJSAvAU4V7xJS0U/s+YRT0="}
{"logTime": "0915/175542", "correlationVector":"6/sxzRkxG86doIqUo8uiYD.3","action":"CompareDataConsistency result: ", "result":"Compare result: Extensions is consistent. local entities count is: 2 local entities hash is: TH3NeM0HHLNFchl8mgJS0kYGtyM="}
{"logTime": "0915/175542", "correlationVector":"6/sxzRkxG86doIqUo8uiYD.4","action":"CompareDataConsistency result: ", "result":"Compare result: Extension settings is consistent. local entities count is: 0 local entities hash is: "}
{"logTime": "0915/175542", "correlationVector":"6/sxzRkxG86doIqUo8uiYD.5","action":"CompareDataConsistency result: ", "result":"Compare result: History Delete Directives is consistent. local entities count is: 0 local entities hash is: "}
{"logTime": "0915/175542", "correlationVector":"6/sxzRkxG86doIqUo8uiYD.6","action":"CompareDataConsistency result: ", "result":"Server did not send this Send Tab To Self local entities count is: 0 local entities hash is: "}
{"logTime": "0915/175542", "correlationVector":"6/sxzRkxG86doIqUo8uiYD.7","action":"CompareDataConsistency result: ", "result":"Compare result: Web Apps is consistent. local entities count is: 0 local entities hash is: "}
{"logTime": "0915/175542", "correlationVector":"6/sxzRkxG86doIqUo8uiYD.8","action":"CompareDataConsistency result: ", "result":"Server did not send this History local entities count is: 0 local entities hash is: "}
{"logTime": "0915/175542", "correlationVector":"6/sxzRkxG86doIqUo8uiYD.9","action":"CompareDataConsistency result: ", "result":"Compare result: Saved Tab Group is consistent. local entities count is: 0 local entities hash is: "}
{"logTime": "0915/175542", "correlationVector":"6/sxzRkxG86doIqUo8uiYD.10","action":"CompareDataConsistency result: ", "result":"Server did not send this WebAuthn Credentials local entities count is: 0 local entities hash is: "}
{"logTime": "0915/175542", "correlationVector":"6/sxzRkxG86doIqUo8uiYD.11","action":"CompareDataConsistency result: ", "result":"Compare result: Collection is consistent. local entities count is: 0 local entities hash is: "}
{"logTime": "0915/175542", "correlationVector":"6/sxzRkxG86doIqUo8uiYD.12","action":"CompareDataConsistency result: ", "result":"Compare result: Edge E Drop is consistent. local entities count is: 0 local entities hash is: "}
{"logTime": "0915/175542", "correlationVector":"6/sxzRkxG86doIqUo8uiYD.13","action":"CompareDataConsistency result: ", "result":"Compare result: Edge Wallet is consistent. local entities count is: 0 local entities hash is: "}
{"logTime": "0915/175542", "correlationVector":"6/sxzRkxG86doIqUo8uiYD.14","action":"CompareDataConsistency result: ", "result":"Compare result: Passwords is consistent. local entities count is: 2 local entities hash is: 9pAgYdd5bqxBSiUt03/S7r9Y5kE="}
{"logTime": "0915/175542", "correlationVector":"0D0/o7Tt8apgwg5bsmvZoe","action":"Commit Request", "result":"", "context":Item count: 5
Contributing types: Sessions, Device Info, User Consents}
{"logTime": "0915/175543", "correlationVector":"0D0/o7Tt8apgwg5bsmvZoe.1","action":"SyncServerConnectionManagerRequest", "result":"SYNC_SERVER_OK", "context":{"environment":"Prod_francecentral_prod-s01-062-eur-francecentral", "migrationStage":"NotStarted", "server":"akswtt10300000e"}}
{"logTime": "0915/175543", "correlationVector":"0D0/o7Tt8apgwg5bsmvZoe.2","action":"Commit Response", "result":"Success", "context":Result: Success. cV=0D0/o7Tt8apgwg5bsmvZoe.0;server=akswtt10300000e;cloudType=Consumer;environment=Prod_francecentral_prod-s01-062-eur-francecentral;migrationStage=NotStarted}
{"logTime": "0915/175543", "correlationVector":"","action":"DIAGNOSTIC_REQUEST|v1/diagnosticData/Diagnostic.SendCheckResult()|SUCCESS", "result":""}
{"logTime": "0915/175632", "correlationVector":"C93+GyCWgKvIeDy9TFcODU","action":"Commit Request", "result":"", "context":Item count: 3
Contributing types: Passwords, Sessions, History}
{"logTime": "0915/175633", "correlationVector":"C93+GyCWgKvIeDy9TFcODU.1","action":"SyncServerConnectionManagerRequest", "result":"SYNC_SERVER_OK", "context":{"environment":"Prod_francecentral_prod-s01-062-eur-francecentral", "migrationStage":"NotStarted", "server":"akswtt10300000i"}}
{"logTime": "0915/175633", "correlationVector":"C93+GyCWgKvIeDy9TFcODU.2","action":"Commit Response", "result":"Success", "context":Result: Success. cV=C93+GyCWgKvIeDy9TFcODU.0;server=akswtt10300000i;cloudType=Consumer;environment=Prod_francecentral_prod-s01-062-eur-francecentral;migrationStage=NotStarted}
{"logTime": "0915/175646", "correlationVector":"bsJ/D6D7Ap6yxvj1Eu7NHi","action":"Commit Request", "result":"", "context":Item count: 2
Contributing types: Preferences, Passwords}
{"logTime": "0915/175647", "correlationVector":"bsJ/D6D7Ap6yxvj1Eu7NHi.1","action":"SyncServerConnectionManagerRequest", "result":"SYNC_SERVER_OK", "context":{"environment":"Prod_francecentral_prod-s01-062-eur-francecentral", "migrationStage":"NotStarted", "server":"akswtt103000006"}}
{"logTime": "0915/175647", "correlationVector":"bsJ/D6D7Ap6yxvj1Eu7NHi.2","action":"Commit Response", "result":"Success", "context":Result: Success. cV=bsJ/D6D7Ap6yxvj1Eu7NHi.0;server=akswtt103000006;cloudType=Consumer;environment=Prod_francecentral_prod-s01-062-eur-francecentral;migrationStage=NotStarted}
{"logTime": "0915/175649", "correlationVector":"mzfUD8upoVh0I7Bmb64Q/a","action":"Normal GetUpdate request", "result":"", "context":cV=mzfUD8upoVh0I7Bmb64Q/a
Notified types: Passwords}
{"logTime": "0915/175649", "correlationVector":"mzfUD8upoVh0I7Bmb64Q/a.1","action":"SyncServerConnectionManagerRequest", "result":"SYNC_SERVER_OK", "context":{"environment":"Prod_francecentral_prod-s01-062-eur-francecentral", "migrationStage":"NotStarted", "server":"akswtt10300000m"}}
{"logTime": "0915/175649", "correlationVector":"mzfUD8upoVh0I7Bmb64Q/a.2","action":"ProcessGetUpdates", "result":"Done", "context":{"dataType":"Preferences", "deleted":"0", "process_failed_to_decrypt":"0", "process_pending_decryption":"0", "process_success":"1", "total":"1"}}
{"logTime": "0915/175649", "correlationVector":"mzfUD8upoVh0I7Bmb64Q/a.3","action":"ProcessGetUpdates", "result":"Done", "context":{"dataType":"Passwords", "deleted":"0", "process_failed_to_decrypt":"0", "process_pending_decryption":"0", "process_success":"2", "total":"2"}}
{"logTime": "0915/175649", "correlationVector":"mzfUD8upoVh0I7Bmb64Q/a.4","action":"ProcessGetUpdates", "result":"Done", "context":{"dataType":"Sessions", "deleted":"0", "process_failed_to_decrypt":"0", "process_pending_decryption":"0", "process_success":"2", "total":"2"}}
{"logTime": "0915/175649", "correlationVector":"mzfUD8upoVh0I7Bmb64Q/a.5","action":"ProcessGetUpdates", "result":"Done", "context":{"dataType":"Device Info", "deleted":"0", "process_failed_to_decrypt":"0", "process_pending_decryption":"0", "process_success":"1", "total":"1"}}
{"logTime": "0915/175649", "correlationVector":"mzfUD8upoVh0I7Bmb64Q/a.6","action":"ProcessGetUpdates", "result":"Done", "context":{"dataType":"History", "deleted":"0", "process_failed_to_decrypt":"0", "process_pending_decryption":"0", "process_success":"1", "total":"1"}}
{"logTime": "0915/175649", "correlationVector":"mzfUD8upoVh0I7Bmb64Q/a.7","action":"GetUpdates Response", "result":"Success", "context":Received 7 update(s). cV=mzfUD8upoVh0I7Bmb64Q/a.0;server=akswtt10300000m;cloudType=Consumer;environment=Prod_francecentral_prod-s01-062-eur-francecentral;migrationStage=NotStarted}
